action: lint, msg: getenv
cwd: /usr/src/app
cmd: /usr/src/app/.tox/lint/bin/python -m pip install -rtest_requirements.txt
Requirement already satisfied: aiohttp==3.5.4 in /usr/local/lib/python3.6/site-packages (from -r requirements.txt (line 1)) (3.5.4)
Requirement already satisfied: motor==2.0.0 in /usr/local/lib/python3.6/site-packages (from -r requirements.txt (line 2)) (2.0.0)
Requirement already satisfied: sanic==19.6.0 in /usr/local/lib/python3.6/site-packages (from -r requirements.txt (line 3)) (19.6.0)
Requirement already satisfied: pytest-sanic==1.0.0 in /usr/local/lib/python3.6/site-packages (from -r test_requirements.txt (line 2)) (1.0.0)
Requirement already satisfied: tox in /usr/local/lib/python3.6/site-packages (from -r test_requirements.txt (line 3)) (3.13.2)
Requirement already satisfied: flake8==3.6.0 in /usr/local/lib/python3.6/site-packages (from -r test_requirements.txt (line 4)) (3.6.0)
Requirement already satisfied: pytest in /usr/local/lib/python3.6/site-packages (from -r test_requirements.txt (line 5)) (5.0.1)
Requirement already satisfied: attrs>=17.3.0 in /usr/local/lib/python3.6/site-packages (from aiohttp==3.5.4->-r requirements.txt (line 1)) (19.1.0)
Requirement already satisfied: typing-extensions>=3.6.5; python_version < "3.7" in /usr/local/lib/python3.6/site-packages (from aiohttp==3.5.4->-r requirements.txt (line 1)) (3.7.4)
Requirement already satisfied: async-timeout<4.0,>=3.0 in /usr/local/lib/python3.6/site-packages (from aiohttp==3.5.4->-r requirements.txt (line 1)) (3.0.1)
Requirement already satisfied: idna-ssl>=1.0; python_version < "3.7" in /usr/local/lib/python3.6/site-packages (from aiohttp==3.5.4->-r requirements.txt (line 1)) (1.1.0)
Requirement already satisfied: chardet<4.0,>=2.0 in /usr/local/lib/python3.6/site-packages (from aiohttp==3.5.4->-r requirements.txt (line 1)) (3.0.4)
Requirement already satisfied: yarl<2.0,>=1.0 in /usr/local/lib/python3.6/site-packages (from aiohttp==3.5.4->-r requirements.txt (line 1)) (1.3.0)
Requirement already satisfied: multidict<5.0,>=4.0 in /usr/local/lib/python3.6/site-packages (from aiohttp==3.5.4->-r requirements.txt (line 1)) (4.5.2)
Requirement already satisfied: pymongo<4,>=3.6 in /usr/local/lib/python3.6/site-packages (from motor==2.0.0->-r requirements.txt (line 2)) (3.8.0)
Requirement already satisfied: websockets<7.0,>=6.0 in /usr/local/lib/python3.6/site-packages (from sanic==19.6.0->-r requirements.txt (line 3)) (6.0)
Requirement already satisfied: uvloop>=0.5.3; sys_platform != "win32" and implementation_name == "cpython" in /usr/local/lib/python3.6/site-packages (from sanic==19.6.0->-r requirements.txt (line 3)) (0.12.2)
Requirement already satisfied: httptools>=0.0.10 in /usr/local/lib/python3.6/site-packages (from sanic==19.6.0->-r requirements.txt (line 3)) (0.0.13)
Requirement already satisfied: aiofiles>=0.3.0 in /usr/local/lib/python3.6/site-packages (from sanic==19.6.0->-r requirements.txt (line 3)) (0.4.0)
Requirement already satisfied: ujson>=1.35; sys_platform != "win32" and implementation_name == "cpython" in /usr/local/lib/python3.6/site-packages (from sanic==19.6.0->-r requirements.txt (line 3)) (1.35)
Requirement already satisfied: requests-async==0.5.0 in /usr/local/lib/python3.6/site-packages (from sanic==19.6.0->-r requirements.txt (line 3)) (0.5.0)
Requirement already satisfied: async-generator in /usr/local/lib/python3.6/site-packages (from pytest-sanic==1.0.0->-r test_requirements.txt (line 2)) (1.10)
Requirement already satisfied: importlib-metadata<1,>=0.12 in /usr/local/lib/python3.6/site-packages (from tox->-r test_requirements.txt (line 3)) (0.19)
Requirement already satisfied: py<2,>=1.4.17 in /usr/local/lib/python3.6/site-packages (from tox->-r test_requirements.txt (line 3)) (1.8.0)
Requirement already satisfied: six<2,>=1.0.0 in /usr/local/lib/python3.6/site-packages (from tox->-r test_requirements.txt (line 3)) (1.12.0)
Requirement already satisfied: pluggy<1,>=0.12.0 in /usr/local/lib/python3.6/site-packages (from tox->-r test_requirements.txt (line 3)) (0.12.0)
Requirement already satisfied: virtualenv>=14.0.0 in /usr/local/lib/python3.6/site-packages (from tox->-r test_requirements.txt (line 3)) (16.7.2)
Requirement already satisfied: toml>=0.9.4 in /usr/local/lib/python3.6/site-packages (from tox->-r test_requirements.txt (line 3)) (0.10.0)
Requirement already satisfied: filelock<4,>=3.0.0 in /usr/local/lib/python3.6/site-packages (from tox->-r test_requirements.txt (line 3)) (3.0.12)
Requirement already satisfied: packaging>=14 in /usr/local/lib/python3.6/site-packages (from tox->-r test_requirements.txt (line 3)) (19.1)
Requirement already satisfied: pyflakes<2.1.0,>=2.0.0 in /usr/local/lib/python3.6/site-packages (from flake8==3.6.0->-r test_requirements.txt (line 4)) (2.0.0)
Requirement already satisfied: pycodestyle<2.5.0,>=2.4.0 in /usr/local/lib/python3.6/site-packages (from flake8==3.6.0->-r test_requirements.txt (line 4)) (2.4.0)
Requirement already satisfied: setuptools>=30 in ./.tox/lint/lib/python3.6/site-packages (from flake8==3.6.0->-r test_requirements.txt (line 4)) (41.0.1)
Requirement already satisfied: mccabe<0.7.0,>=0.6.0 in /usr/local/lib/python3.6/site-packages (from flake8==3.6.0->-r test_requirements.txt (line 4)) (0.6.1)
Requirement already satisfied: more-itertools>=4.0.0 in /usr/local/lib/python3.6/site-packages (from pytest->-r test_requirements.txt (line 5)) (7.2.0)
Requirement already satisfied: wcwidth in /usr/local/lib/python3.6/site-packages (from pytest->-r test_requirements.txt (line 5)) (0.1.7)
Requirement already satisfied: atomicwrites>=1.0 in /usr/local/lib/python3.6/site-packages (from pytest->-r test_requirements.txt (line 5)) (1.3.0)
Requirement already satisfied: idna>=2.0 in /usr/local/lib/python3.6/site-packages (from idna-ssl>=1.0; python_version < "3.7"->aiohttp==3.5.4->-r requirements.txt (line 1)) (2.8)
Requirement already satisfied: requests==2.* in /usr/local/lib/python3.6/site-packages (from requests-async==0.5.0->sanic==19.6.0->-r requirements.txt (line 3)) (2.22.0)
Requirement already satisfied: httpcore==0.3.* in /usr/local/lib/python3.6/site-packages (from requests-async==0.5.0->sanic==19.6.0->-r requirements.txt (line 3)) (0.3.0)
Requirement already satisfied: zipp>=0.5 in /usr/local/lib/python3.6/site-packages (from importlib-metadata<1,>=0.12->tox->-r test_requirements.txt (line 3)) (0.5.2)
Requirement already satisfied: pyparsing>=2.0.2 in /usr/local/lib/python3.6/site-packages (from packaging>=14->tox->-r test_requirements.txt (line 3)) (2.4.2)
Requirement already satisfied: certifi>=2017.4.17 in /usr/local/lib/python3.6/site-packages (from requests==2.*->requests-async==0.5.0->sanic==19.6.0->-r requirements.txt (line 3)) (2019.6.16)
Requirement already satisfied: urllib3!=1.25.0,!=1.25.1,<1.26,>=1.21.1 in /usr/local/lib/python3.6/site-packages (from requests==2.*->requests-async==0.5.0->sanic==19.6.0->-r requirements.txt (line 3)) (1.25.3)
Requirement already satisfied: rfc3986==1.* in /usr/local/lib/python3.6/site-packages (from httpcore==0.3.*->requests-async==0.5.0->sanic==19.6.0->-r requirements.txt (line 3)) (1.3.2)
Requirement already satisfied: h2==3.* in /usr/local/lib/python3.6/site-packages (from httpcore==0.3.*->requests-async==0.5.0->sanic==19.6.0->-r requirements.txt (line 3)) (3.1.1)
Requirement already satisfied: h11==0.8.* in /usr/local/lib/python3.6/site-packages (from httpcore==0.3.*->requests-async==0.5.0->sanic==19.6.0->-r requirements.txt (line 3)) (0.8.1)
Requirement already satisfied: hpack<4,>=2.3 in /usr/local/lib/python3.6/site-packages (from h2==3.*->httpcore==0.3.*->requests-async==0.5.0->sanic==19.6.0->-r requirements.txt (line 3)) (3.0.0)
Requirement already satisfied: hyperframe<6,>=5.2.0 in /usr/local/lib/python3.6/site-packages (from h2==3.*->httpcore==0.3.*->requests-async==0.5.0->sanic==19.6.0->-r requirements.txt (line 3)) (5.2.0)
