action: lint, msg: envreport
cwd: /usr/src/app
cmd: /usr/src/app/.tox/lint/bin/python -m pip freeze
aiofiles==0.4.0
aiohttp==3.5.4
aioresponses==0.6.0
aiounittest==1.2.1
async-generator==1.10
async-timeout==3.0.1
atomicwrites==1.3.0
attrs==19.1.0
certifi==2019.6.16
chardet==3.0.4
filelock==3.0.12
flake8==3.6.0
h11==0.8.1
h2==3.1.1
hpack==3.0.0
httpcore==0.3.0
httptools==0.0.13
hyperframe==5.2.0
idna==2.8
idna-ssl==1.1.0
importlib-metadata==0.19
mccabe==0.6.1
more-itertools==7.2.0
motor==2.0.0
multidict==4.5.2
packaging==19.1
pluggy==0.12.0
py==1.8.0
pycodestyle==2.4.0
pyflakes==2.0.0
pymongo==3.8.0
pyparsing==2.4.2
pytest==5.0.1
pytest-sanic==1.0.0
requests==2.22.0
requests-async==0.5.0
rfc3986==1.3.2
sanic==19.6.0
six==1.12.0
toml==0.10.0
tox==3.13.2
typing-extensions==3.7.4
ujson==1.35
urllib3==1.25.3
uvloop==0.12.2
virtualenv==16.7.2
wcwidth==0.1.7
websockets==6.0
yarl==1.3.0
zipp==0.5.2
